<?xml version="1.0" encoding="UTF-8"?>
<!-- Generated by org.testng.reporters.JUnitReportReporter -->
<testsuite hostname="LAPTOP-1S9JIMTU" failures="0" tests="1" name="com.Skillrary.CourseAdd.AddingCourseToCart" time="16.095" errors="0" timestamp="2023-01-24T11:12:24 IST" skipped="0">
  <testcase classname="com.Skillrary.CourseAdd.AddingCourseToCart" name="addingCourseToCartTest" time="16.095"/>
  <system-out/>
</testsuite> <!-- com.Skillrary.CourseAdd.AddingCourseToCart -->
